<?xml version="1.0" encoding="UTF-8"?>
<!-- Generated by org.testng.reporters.JUnitXMLReporter -->
<testsuite hostname="IN-D6X7TT2" name="All Tests" tests="8" failures="2" timestamp="15 Sep 2021 05:07:58 GMT" time="108.164" errors="0">
  <testcase name="clickOnCustomerServiceAndNavigateToHelpPage" time="10.146" classname="automationTests.HelpPageTest"/>
  <testcase name="searchSolutionAndVerifyResultsOnHelpPage" time="41.18" classname="automationTests.HelpPageTest">
    <failure type="org.openqa.selenium.NoSuchElementException" message="no such element: Unable to locate element: {&amp;quot;method&amp;quot;:&amp;quot;xpath&amp;quot;,&amp;quot;selector&amp;quot;:&amp;quot;//div/h1[contains(text(),&amp;apos;Help Search Results&amp;apos;)]&amp;quot;}
  (Session info: chrome=93.0.4577.82)
For documentation on this error, please visit: http://seleniumhq.org/exceptions/no_such_element.html
Build info: version: &amp;apos;3.8.1&amp;apos;, revision: &amp;apos;6e95a6684b&amp;apos;, time: &amp;apos;2017-12-01T18:33:54.468Z&amp;apos;
System info: host: &amp;apos;IN-D6X7TT2&amp;apos;, ip: &amp;apos;192.168.0.101&amp;apos;, os.name: &amp;apos;Windows 10&amp;apos;, os.arch: &amp;apos;amd64&amp;apos;, os.version: &amp;apos;10.0&amp;apos;, java.version: &amp;apos;1.8.0_302&amp;apos;
Driver info: org.openqa.selenium.chrome.ChromeDriver
Capabilities {acceptInsecureCerts: false, browserName: chrome, browserVersion: 93.0.4577.82, chrome: {chromedriverVersion: 93.0.4577.63 (ff5c0da2ec0ad..., userDataDir: C:\Users\VIPULG~1.GAU\AppDa...}, goog:chromeOptions: {debuggerAddress: localhost:53246}, javascriptEnabled: true, networkConnectionEnabled: false, pageLoadStrategy: normal, platform: WINDOWS, platformName: WINDOWS, proxy: Proxy(), setWindowRect: true, strictFileInteractability: false, timeouts: {implicit: 0, pageLoad: 300000, script: 30000}, unhandledPromptBehavior: dismiss and notify, webauthn:extension:credBlob: true, webauthn:extension:largeBlob: true, webauthn:virtualAuthenticators: true}
Session ID: 906d05a16e1af48d0a16a09686574bdd
*** Element info: {Using=xpath, value=//div/h1[contains(text(),&amp;apos;Help Search Results&amp;apos;)]}">
      <![CDATA[org.openqa.selenium.NoSuchElementException: no such element: Unable to locate element: {"method":"xpath","selector":"//div/h1[contains(text(),'Help Search Results')]"}
  (Session info: chrome=93.0.4577.82)
For documentation on this error, please visit: http://seleniumhq.org/exceptions/no_such_element.html
Build info: version: '3.8.1', revision: '6e95a6684b', time: '2017-12-01T18:33:54.468Z'
System info: host: 'IN-D6X7TT2', ip: '192.168.0.101', os.name: 'Windows 10', os.arch: 'amd64', os.version: '10.0', java.version: '1.8.0_302'
Driver info: org.openqa.selenium.chrome.ChromeDriver
Capabilities {acceptInsecureCerts: false, browserName: chrome, browserVersion: 93.0.4577.82, chrome: {chromedriverVersion: 93.0.4577.63 (ff5c0da2ec0ad..., userDataDir: C:\Users\VIPULG~1.GAU\AppDa...}, goog:chromeOptions: {debuggerAddress: localhost:53246}, javascriptEnabled: true, networkConnectionEnabled: false, pageLoadStrategy: normal, platform: WINDOWS, platformName: WINDOWS, proxy: Proxy(), setWindowRect: true, strictFileInteractability: false, timeouts: {implicit: 0, pageLoad: 300000, script: 30000}, unhandledPromptBehavior: dismiss and notify, webauthn:extension:credBlob: true, webauthn:extension:largeBlob: true, webauthn:virtualAuthenticators: true}
Session ID: 906d05a16e1af48d0a16a09686574bdd
*** Element info: {Using=xpath, value=//div/h1[contains(text(),'Help Search Results')]}
	at org.openqa.selenium.remote.http.W3CHttpResponseCodec.createException(W3CHttpResponseCodec.java:187)
	at org.openqa.selenium.remote.http.W3CHttpResponseCodec.decode(W3CHttpResponseCodec.java:122)
	at org.openqa.selenium.remote.http.W3CHttpResponseCodec.decode(W3CHttpResponseCodec.java:49)
	at org.openqa.selenium.remote.HttpCommandExecutor.execute(HttpCommandExecutor.java:164)
	at org.openqa.selenium.remote.service.DriverCommandExecutor.execute(DriverCommandExecutor.java:83)
	at org.openqa.selenium.remote.RemoteWebDriver.execute(RemoteWebDriver.java:601)
	at org.openqa.selenium.remote.RemoteWebDriver.findElement(RemoteWebDriver.java:371)
	at org.openqa.selenium.remote.RemoteWebDriver.findElementByXPath(RemoteWebDriver.java:473)
	at org.openqa.selenium.By$ByXPath.findElement(By.java:361)
	at org.openqa.selenium.remote.RemoteWebDriver.findElement(RemoteWebDriver.java:363)
	at utilities.webelementsUtil.getWebElement(webelementsUtil.java:42)
	at pageObjects.HelpPageEvents.verifySearchResults(HelpPageEvents.java:41)
	at automationTests.HelpPageTest.searchSolutionAndVerifyResultsOnHelpPage(HelpPageTest.java:36)
... Removed 31 stack frames]]>
    </failure>
  </testcase> <!-- searchSolutionAndVerifyResultsOnHelpPage -->
  <testcase name="changeHomePageLanguage" time="5.62" classname="automationTests.HomePageTest"/>
  <testcase name="enterPincode" time="7.489" classname="automationTests.HomePageTest"/>
  <testcase name="validateSearchResultsForValidSearchQuery" time="2.111" classname="automationTests.HomePageTest"/>
  <testcase name="verifyHomePage" time="0.052" classname="automationTests.HomePageTest"/>
  <testcase name="navigateToJobsPageAndViewJobsInStudentProgrammes" time="0.373" classname="automationTests.JobsPageTest">
    <failure type="java.lang.AssertionError" message="expected [Amazon.jobs: Help us build Earth’s most customer-centric company.] but found [Online Shopping site in India: Shop Online for Mobiles, Books, Watches, Shoes and More - Amazon.in]">
      <![CDATA[java.lang.AssertionError: expected [Amazon.jobs: Help us build Earth’s most customer-centric company.] but found [Online Shopping site in India: Shop Online for Mobiles, Books, Watches, Shoes and More - Amazon.in]
	at pageObjects.JobsPageEvents.verifyIfJobsPageIsLoaded(JobsPageEvents.java:23)
	at automationTests.JobsPageTest.navigateToJobsPageAndViewJobsInStudentProgrammes(JobsPageTest.java:17)
... Removed 33 stack frames]]>
    </failure>
  </testcase> <!-- navigateToJobsPageAndViewJobsInStudentProgrammes -->
  <testcase name="testLoginWithInvalidCredentials" time="4.636" classname="automationTests.LoginPageTest"/>
</testsuite> <!-- All Tests -->
