<!DOCTYPE html PUBLIC "-//W3C//DTD XHTML 1.1//EN" "http://www.w3.org/TR/xhtml11/DTD/xhtml11.dtd">
<html xmlns="http://www.w3.org/1999/xhtml"><head><title>TestNG Report</title><style type="text/css">table {margin-bottom:10px;border-collapse:collapse;empty-cells:show}th,td {border:1px solid #009;padding:.25em .5em}th {vertical-align:bottom}td {vertical-align:top}table a {font-weight:bold}.stripe td {background-color: #E6EBF9}.num {text-align:right}.passedodd td {background-color: #3F3}.passedeven td {background-color: #0A0}.skippedodd td {background-color: #DDD}.skippedeven td {background-color: #CCC}.failedodd td,.attn {background-color: #F33}.failedeven td,.stripe .attn {background-color: #D00}.stacktrace {white-space:pre;font-family:monospace}.totop {font-size:85%;text-align:center;border-bottom:2px solid #000}</style></head><body><table><tr><th>Test</th><th># Passed</th><th># Skipped</th><th># Failed</th><th>Time (ms)</th><th>Included Groups</th><th>Excluded Groups</th></tr><tr><th colspan="7">Suite</th></tr><tr><td><a href="#t0">All Tests</a></td><td class="num">6</td><td class="num">0</td><td class="num attn">2</td><td class="num">108,164</td><td></td><td></td></tr></table><table><thead><tr><th>Class</th><th>Method</th><th>Start</th><th>Time (ms)</th></tr></thead><tbody><tr><th colspan="4">Suite</th></tr></tbody><tbody id="t0"><tr><th colspan="4">All Tests &#8212; failed</th></tr><tr class="failedeven"><td rowspan="1">automationTests.HelpPageTest</td><td><a href="#m0">searchSolutionAndVerifyResultsOnHelpPage</a></td><td rowspan="1">1631682389198</td><td rowspan="1">41180</td></tr><tr class="failedodd"><td rowspan="1">automationTests.JobsPageTest</td><td><a href="#m1">navigateToJobsPageAndViewJobsInStudentProgrammes</a></td><td rowspan="1">1631682467929</td><td rowspan="1">373</td></tr><tr><th colspan="4">All Tests &#8212; passed</th></tr><tr class="passedeven"><td rowspan="1">automationTests.HelpPageTest</td><td><a href="#m2">clickOnCustomerServiceAndNavigateToHelpPage</a></td><td rowspan="1">1631682374868</td><td rowspan="1">10146</td></tr><tr class="passedodd"><td rowspan="4">automationTests.HomePageTest</td><td><a href="#m3">changeHomePageLanguage</a></td><td rowspan="1">1631682434997</td><td rowspan="1">5620</td></tr><tr class="passedodd"><td><a href="#m4">enterPincode</a></td><td rowspan="1">1631682445196</td><td rowspan="1">7489</td></tr><tr class="passedodd"><td><a href="#m5">validateSearchResultsForValidSearchQuery</a></td><td rowspan="1">1631682457152</td><td rowspan="1">2111</td></tr><tr class="passedodd"><td><a href="#m6">verifyHomePage</a></td><td rowspan="1">1631682463571</td><td rowspan="1">52</td></tr><tr class="passedeven"><td rowspan="1">automationTests.LoginPageTest</td><td><a href="#m7">testLoginWithInvalidCredentials</a></td><td rowspan="1">1631682472986</td><td rowspan="1">4636</td></tr></tbody></table><h2>All Tests</h2><h3 id="m0">automationTests.HelpPageTest#searchSolutionAndVerifyResultsOnHelpPage</h3><table class="result"><tr><th>Exception</th></tr><tr><td><div class="stacktrace">org.openqa.selenium.NoSuchElementException: no such element: Unable to locate element: {&quot;method&quot;:&quot;xpath&quot;,&quot;selector&quot;:&quot;//div/h1[contains(text(),&apos;Help Search Results&apos;)]&quot;}
  (Session info: chrome=93.0.4577.82)
For documentation on this error, please visit: http://seleniumhq.org/exceptions/no_such_element.html
Build info: version: &apos;3.8.1&apos;, revision: &apos;6e95a6684b&apos;, time: &apos;2017-12-01T18:33:54.468Z&apos;
System info: host: &apos;IN-D6X7TT2&apos;, ip: &apos;192.168.0.101&apos;, os.name: &apos;Windows 10&apos;, os.arch: &apos;amd64&apos;, os.version: &apos;10.0&apos;, java.version: &apos;1.8.0_302&apos;
Driver info: org.openqa.selenium.chrome.ChromeDriver
Capabilities {acceptInsecureCerts: false, browserName: chrome, browserVersion: 93.0.4577.82, chrome: {chromedriverVersion: 93.0.4577.63 (ff5c0da2ec0ad..., userDataDir: C:\Users\VIPULG~1.GAU\AppDa...}, goog:chromeOptions: {debuggerAddress: localhost:53246}, javascriptEnabled: true, networkConnectionEnabled: false, pageLoadStrategy: normal, platform: WINDOWS, platformName: WINDOWS, proxy: Proxy(), setWindowRect: true, strictFileInteractability: false, timeouts: {implicit: 0, pageLoad: 300000, script: 30000}, unhandledPromptBehavior: dismiss and notify, webauthn:extension:credBlob: true, webauthn:extension:largeBlob: true, webauthn:virtualAuthenticators: true}
Session ID: 906d05a16e1af48d0a16a09686574bdd
*** Element info: {Using=xpath, value=//div/h1[contains(text(),&apos;Help Search Results&apos;)]}
	at org.openqa.selenium.remote.http.W3CHttpResponseCodec.createException(W3CHttpResponseCodec.java:187)
	at org.openqa.selenium.remote.http.W3CHttpResponseCodec.decode(W3CHttpResponseCodec.java:122)
	at org.openqa.selenium.remote.http.W3CHttpResponseCodec.decode(W3CHttpResponseCodec.java:49)
	at org.openqa.selenium.remote.HttpCommandExecutor.execute(HttpCommandExecutor.java:164)
	at org.openqa.selenium.remote.service.DriverCommandExecutor.execute(DriverCommandExecutor.java:83)
	at org.openqa.selenium.remote.RemoteWebDriver.execute(RemoteWebDriver.java:601)
	at org.openqa.selenium.remote.RemoteWebDriver.findElement(RemoteWebDriver.java:371)
	at org.openqa.selenium.remote.RemoteWebDriver.findElementByXPath(RemoteWebDriver.java:473)
	at org.openqa.selenium.By$ByXPath.findElement(By.java:361)
	at org.openqa.selenium.remote.RemoteWebDriver.findElement(RemoteWebDriver.java:363)
	at utilities.webelementsUtil.getWebElement(webelementsUtil.java:42)
	at pageObjects.HelpPageEvents.verifySearchResults(HelpPageEvents.java:41)
	at automationTests.HelpPageTest.searchSolutionAndVerifyResultsOnHelpPage(HelpPageTest.java:36)
... Removed 31 stack frames</div></td></tr></table><p class="totop"><a href="#summary">back to summary</a></p><h3 id="m1">automationTests.JobsPageTest#navigateToJobsPageAndViewJobsInStudentProgrammes</h3><table class="result"><tr><th>Exception</th></tr><tr><td><div class="stacktrace">java.lang.AssertionError: expected [Amazon.jobs: Help us build Earth’s most customer-centric company.] but found [Online Shopping site in India: Shop Online for Mobiles, Books, Watches, Shoes and More - Amazon.in]
	at pageObjects.JobsPageEvents.verifyIfJobsPageIsLoaded(JobsPageEvents.java:23)
	at automationTests.JobsPageTest.navigateToJobsPageAndViewJobsInStudentProgrammes(JobsPageTest.java:17)
... Removed 33 stack frames</div></td></tr></table><p class="totop"><a href="#summary">back to summary</a></p><h3 id="m2">automationTests.HelpPageTest#clickOnCustomerServiceAndNavigateToHelpPage</h3><table class="result"></table><p class="totop"><a href="#summary">back to summary</a></p><h3 id="m3">automationTests.HomePageTest#changeHomePageLanguage</h3><table class="result"></table><p class="totop"><a href="#summary">back to summary</a></p><h3 id="m4">automationTests.HomePageTest#enterPincode</h3><table class="result"></table><p class="totop"><a href="#summary">back to summary</a></p><h3 id="m5">automationTests.HomePageTest#validateSearchResultsForValidSearchQuery</h3><table class="result"></table><p class="totop"><a href="#summary">back to summary</a></p><h3 id="m6">automationTests.HomePageTest#verifyHomePage</h3><table class="result"></table><p class="totop"><a href="#summary">back to summary</a></p><h3 id="m7">automationTests.LoginPageTest#testLoginWithInvalidCredentials</h3><table class="result"></table><p class="totop"><a href="#summary">back to summary</a></p></body></html>