<?xml version="1.0" encoding="UTF-8"?>
<testng-results skipped="0" failed="1" total="2" passed="1">
  <reporter-output>
  </reporter-output>
  <suite name="Default suite" duration-ms="77737" started-at="2021-09-14T16:45:06Z" finished-at="2021-09-14T16:46:23Z">
    <groups>
    </groups>
    <test name="Default test" duration-ms="77737" started-at="2021-09-14T16:45:06Z" finished-at="2021-09-14T16:46:23Z">
      <class name="automationTests.HelpPageTest">
        <test-method status="PASS" signature="ArchiveResultsAtStart()[pri:0, instance:automationTests.HelpPageTest@73d4cc9e]" name="ArchiveResultsAtStart" is-config="true" duration-ms="12" started-at="2021-09-14T22:15:06Z" finished-at="2021-09-14T22:15:06Z">
          <reporter-output>
          </reporter-output>
        </test-method> <!-- ArchiveResultsAtStart -->
        <test-method status="PASS" signature="beforeTest()[pri:0, instance:automationTests.HelpPageTest@73d4cc9e]" name="beforeTest" is-config="true" duration-ms="138" started-at="2021-09-14T22:15:06Z" finished-at="2021-09-14T22:15:06Z">
          <reporter-output>
          </reporter-output>
        </test-method> <!-- beforeTest -->
        <test-method status="PASS" signature="beforeMethod(java.lang.reflect.Method)[pri:0, instance:automationTests.HelpPageTest@73d4cc9e]" name="beforeMethod" is-config="true" duration-ms="5924" started-at="2021-09-14T22:15:06Z" finished-at="2021-09-14T22:15:12Z">
          <params>
            <param index="0">
              <value>
                <![CDATA[public void automationTests.HelpPageTest.clickOnCustomerServiceAndNavigateToHelpPage()]]>
              </value>
            </param>
          </params>
          <reporter-output>
          </reporter-output>
        </test-method> <!-- beforeMethod -->
        <test-method status="PASS" signature="clickOnCustomerServiceAndNavigateToHelpPage()[pri:0, instance:automationTests.HelpPageTest@73d4cc9e]" name="clickOnCustomerServiceAndNavigateToHelpPage" duration-ms="13609" started-at="2021-09-14T22:15:12Z" finished-at="2021-09-14T22:15:25Z">
          <reporter-output>
          </reporter-output>
        </test-method> <!-- clickOnCustomerServiceAndNavigateToHelpPage -->
        <test-method status="PASS" signature="afterMethod(org.testng.ITestResult)[pri:0, instance:automationTests.HelpPageTest@73d4cc9e]" name="afterMethod" is-config="true" duration-ms="852" started-at="2021-09-14T22:15:25Z" finished-at="2021-09-14T22:15:26Z">
          <params>
            <param index="0">
              <value>
                <![CDATA[[TestResult name=clickOnCustomerServiceAndNavigateToHelpPage status=SUCCESS method=HelpPageTest.clickOnCustomerServiceAndNavigateToHelpPage()[pri:0, instance:automationTests.HelpPageTest@73d4cc9e] output={null}]]]>
              </value>
            </param>
          </params>
          <reporter-output>
          </reporter-output>
        </test-method> <!-- afterMethod -->
        <test-method status="PASS" signature="beforeMethod(java.lang.reflect.Method)[pri:0, instance:automationTests.HelpPageTest@73d4cc9e]" name="beforeMethod" is-config="true" duration-ms="6612" started-at="2021-09-14T22:15:26Z" finished-at="2021-09-14T22:15:33Z">
          <params>
            <param index="0">
              <value>
                <![CDATA[public void automationTests.HelpPageTest.searchSolutionAndVerifyResultsOnHelpPage() throws java.io.IOException]]>
              </value>
            </param>
          </params>
          <reporter-output>
          </reporter-output>
        </test-method> <!-- beforeMethod -->
        <test-method status="FAIL" signature="searchSolutionAndVerifyResultsOnHelpPage()[pri:0, instance:automationTests.HelpPageTest@73d4cc9e]" name="searchSolutionAndVerifyResultsOnHelpPage" duration-ms="49029" started-at="2021-09-14T22:15:33Z" finished-at="2021-09-14T22:16:22Z">
          <exception class="org.openqa.selenium.NoSuchElementException">
            <message>
              <![CDATA[no such element: Unable to locate element: {"method":"xpath","selector":"//div/h1[contains(text(),'Help Search Results')]"}
  (Session info: chrome=93.0.4577.82)
For documentation on this error, please visit: http://seleniumhq.org/exceptions/no_such_element.html
Build info: version: '3.8.1', revision: '6e95a6684b', time: '2017-12-01T18:33:54.468Z'
System info: host: 'IN-D6X7TT2', ip: '10.131.52.30', os.name: 'Windows 10', os.arch: 'amd64', os.version: '10.0', java.version: '1.8.0_302'
Driver info: org.openqa.selenium.chrome.ChromeDriver
Capabilities {acceptInsecureCerts: false, browserName: chrome, browserVersion: 93.0.4577.82, chrome: {chromedriverVersion: 93.0.4577.63 (ff5c0da2ec0ad..., userDataDir: C:\Users\VIPULG~1.GAU\AppDa...}, goog:chromeOptions: {debuggerAddress: localhost:53497}, javascriptEnabled: true, networkConnectionEnabled: false, pageLoadStrategy: normal, platform: WINDOWS, platformName: WINDOWS, proxy: Proxy(), setWindowRect: true, strictFileInteractability: false, timeouts: {implicit: 0, pageLoad: 300000, script: 30000}, unhandledPromptBehavior: dismiss and notify, webauthn:extension:credBlob: true, webauthn:extension:largeBlob: true, webauthn:virtualAuthenticators: true}
Session ID: ce1856a7e66e85e1a31643fa76880a97
*** Element info: {Using=xpath, value=//div/h1[contains(text(),'Help Search Results')]}]]>
            </message>
            <full-stacktrace>
              <![CDATA[org.openqa.selenium.NoSuchElementException: no such element: Unable to locate element: {"method":"xpath","selector":"//div/h1[contains(text(),'Help Search Results')]"}
  (Session info: chrome=93.0.4577.82)
For documentation on this error, please visit: http://seleniumhq.org/exceptions/no_such_element.html
Build info: version: '3.8.1', revision: '6e95a6684b', time: '2017-12-01T18:33:54.468Z'
System info: host: 'IN-D6X7TT2', ip: '10.131.52.30', os.name: 'Windows 10', os.arch: 'amd64', os.version: '10.0', java.version: '1.8.0_302'
Driver info: org.openqa.selenium.chrome.ChromeDriver
Capabilities {acceptInsecureCerts: false, browserName: chrome, browserVersion: 93.0.4577.82, chrome: {chromedriverVersion: 93.0.4577.63 (ff5c0da2ec0ad..., userDataDir: C:\Users\VIPULG~1.GAU\AppDa...}, goog:chromeOptions: {debuggerAddress: localhost:53497}, javascriptEnabled: true, networkConnectionEnabled: false, pageLoadStrategy: normal, platform: WINDOWS, platformName: WINDOWS, proxy: Proxy(), setWindowRect: true, strictFileInteractability: false, timeouts: {implicit: 0, pageLoad: 300000, script: 30000}, unhandledPromptBehavior: dismiss and notify, webauthn:extension:credBlob: true, webauthn:extension:largeBlob: true, webauthn:virtualAuthenticators: true}
Session ID: ce1856a7e66e85e1a31643fa76880a97
*** Element info: {Using=xpath, value=//div/h1[contains(text(),'Help Search Results')]}
	at sun.reflect.NativeConstructorAccessorImpl.newInstance0(Native Method)
	at sun.reflect.NativeConstructorAccessorImpl.newInstance(NativeConstructorAccessorImpl.java:62)
	at sun.reflect.DelegatingConstructorAccessorImpl.newInstance(DelegatingConstructorAccessorImpl.java:45)
	at java.lang.reflect.Constructor.newInstance(Constructor.java:423)
	at org.openqa.selenium.remote.http.W3CHttpResponseCodec.createException(W3CHttpResponseCodec.java:187)
	at org.openqa.selenium.remote.http.W3CHttpResponseCodec.decode(W3CHttpResponseCodec.java:122)
	at org.openqa.selenium.remote.http.W3CHttpResponseCodec.decode(W3CHttpResponseCodec.java:49)
	at org.openqa.selenium.remote.HttpCommandExecutor.execute(HttpCommandExecutor.java:164)
	at org.openqa.selenium.remote.service.DriverCommandExecutor.execute(DriverCommandExecutor.java:83)
	at org.openqa.selenium.remote.RemoteWebDriver.execute(RemoteWebDriver.java:601)
	at org.openqa.selenium.remote.RemoteWebDriver.findElement(RemoteWebDriver.java:371)
	at org.openqa.selenium.remote.RemoteWebDriver.findElementByXPath(RemoteWebDriver.java:473)
	at org.openqa.selenium.By$ByXPath.findElement(By.java:361)
	at org.openqa.selenium.remote.RemoteWebDriver.findElement(RemoteWebDriver.java:363)
	at utilities.webelementsUtil.getWebElement(webelementsUtil.java:42)
	at pageObjects.HelpPageEvents.verifySearchResults(HelpPageEvents.java:41)
	at automationTests.HelpPageTest.searchSolutionAndVerifyResultsOnHelpPage(HelpPageTest.java:36)
	at sun.reflect.NativeMethodAccessorImpl.invoke0(Native Method)
	at sun.reflect.NativeMethodAccessorImpl.invoke(NativeMethodAccessorImpl.java:62)
	at sun.reflect.DelegatingMethodAccessorImpl.invoke(DelegatingMethodAccessorImpl.java:43)
	at java.lang.reflect.Method.invoke(Method.java:498)
	at org.testng.internal.MethodInvocationHelper.invokeMethod(MethodInvocationHelper.java:86)
	at org.testng.internal.Invoker.invokeMethod(Invoker.java:643)
	at org.testng.internal.Invoker.invokeTestMethod(Invoker.java:820)
	at org.testng.internal.Invoker.invokeTestMethods(Invoker.java:1128)
	at org.testng.internal.TestMethodWorker.invokeTestMethods(TestMethodWorker.java:129)
	at org.testng.internal.TestMethodWorker.run(TestMethodWorker.java:112)
	at org.testng.TestRunner.privateRun(TestRunner.java:782)
	at org.testng.TestRunner.run(TestRunner.java:632)
	at org.testng.SuiteRunner.runTest(SuiteRunner.java:366)
	at org.testng.SuiteRunner.runSequentially(SuiteRunner.java:361)
	at org.testng.SuiteRunner.privateRun(SuiteRunner.java:319)
	at org.testng.SuiteRunner.run(SuiteRunner.java:268)
	at org.testng.SuiteRunnerWorker.runSuite(SuiteRunnerWorker.java:52)
	at org.testng.SuiteRunnerWorker.run(SuiteRunnerWorker.java:86)
	at org.testng.TestNG.runSuitesSequentially(TestNG.java:1244)
	at org.testng.TestNG.runSuitesLocally(TestNG.java:1169)
	at org.testng.TestNG.run(TestNG.java:1064)
	at org.testng.remote.AbstractRemoteTestNG.run(AbstractRemoteTestNG.java:115)
	at org.testng.remote.RemoteTestNG.initAndRun(RemoteTestNG.java:251)
	at org.testng.remote.RemoteTestNG.main(RemoteTestNG.java:77)
]]>
            </full-stacktrace>
          </exception> <!-- org.openqa.selenium.NoSuchElementException -->
          <reporter-output>
          </reporter-output>
        </test-method> <!-- searchSolutionAndVerifyResultsOnHelpPage -->
        <test-method status="PASS" signature="afterMethod(org.testng.ITestResult)[pri:0, instance:automationTests.HelpPageTest@73d4cc9e]" name="afterMethod" is-config="true" duration-ms="1103" started-at="2021-09-14T22:16:22Z" finished-at="2021-09-14T22:16:23Z">
          <params>
            <param index="0">
              <value>
                <![CDATA[[TestResult name=searchSolutionAndVerifyResultsOnHelpPage status=FAILURE method=HelpPageTest.searchSolutionAndVerifyResultsOnHelpPage()[pri:0, instance:automationTests.HelpPageTest@73d4cc9e] output={null}]]]>
              </value>
            </param>
          </params>
          <reporter-output>
          </reporter-output>
        </test-method> <!-- afterMethod -->
        <test-method status="PASS" signature="afterTest()[pri:0, instance:automationTests.HelpPageTest@73d4cc9e]" name="afterTest" is-config="true" duration-ms="448" started-at="2021-09-14T22:16:23Z" finished-at="2021-09-14T22:16:23Z">
          <reporter-output>
          </reporter-output>
        </test-method> <!-- afterTest -->
        <test-method status="PASS" signature="moveResultsToCurrentTestResults()[pri:0, instance:automationTests.HelpPageTest@73d4cc9e]" name="moveResultsToCurrentTestResults" is-config="true" duration-ms="8" started-at="2021-09-14T22:16:23Z" finished-at="2021-09-14T22:16:23Z">
          <reporter-output>
          </reporter-output>
        </test-method> <!-- moveResultsToCurrentTestResults -->
      </class> <!-- automationTests.HelpPageTest -->
    </test> <!-- Default test -->
  </suite> <!-- Default suite -->
</testng-results>
